cd  
D:\Users\Brenda\new_clone\rwi-3d-modeling\SimpleFunciona
dir /AD  
 Volume in drive D is SecureDrive
 Volume Serial Number is EE92-5020

 Directory of D:\Users\Brenda\new_clone\rwi-3d-modeling\SimpleFunciona

01/24/2018  11:19 AM    <DIR>          .
01/24/2018  11:19 AM    <DIR>          ..
01/24/2018  10:28 AM    <DIR>          study
01/24/2018  11:11 AM    <DIR>          Study28G
               0 File(s)              0 bytes
               4 Dir(s)  1,700,436,529,152 bytes free
del "D:\Users\Brenda\new_clone\rwi-3d-modeling\SimpleFunciona\model.diag"  
mkdir "D:\Users\Brenda\new_clone\rwi-3d-modeling\SimpleFunciona\study28g"  
del "D:\Users\Brenda\new_clone\rwi-3d-modeling\SimpleFunciona\model.txpts.001.tmp"  
del "D:\Users\Brenda\new_clone\rwi-3d-modeling\SimpleFunciona\model.rxpts.001.tmp"  
del "D:\Users\Brenda\new_clone\rwi-3d-modeling\SimpleFunciona\study28g\model.path.r002.dat"  
del "D:\Users\Brenda\new_clone\rwi-3d-modeling\SimpleFunciona\model*.tmp"  
copy "D:\Users\Brenda\new_clone\rwi-3d-modeling\SimpleFunciona\model.diag" "D:\Users\Brenda\new_clone\rwi-3d-modeling\SimpleFunciona\study28g\model.diag"  
        1 file(s) copied.
